<?xml version="1.0" encoding="UTF-8"?>
<testsuite xmlns:xsi="http://www.w3.org/2001/XMLSchema-instance" xsi:noNamespaceSchemaLocation="https://maven.apache.org/surefire/maven-surefire-plugin/xsd/surefire-test-report.xsd" name="tec.bd.app.service.EstudianteServiceTest" time="0.055" tests="5" errors="0" skipped="0" failures="0">
  <properties>
[...]
</properties>
  <testcase name="deleteStudent" classname="tec.bd.app.service.EstudianteServiceTest" time="0.05"/>
  <testcase name="addNewStudent" classname="tec.bd.app.service.EstudianteServiceTest" time="0.001"/>
  <testcase name="getAllTest" classname="tec.bd.app.service.EstudianteServiceTest" time="0.001"/>
  <testcase name="updateStudent" classname="tec.bd.app.service.EstudianteServiceTest" time="0.001"/>
  <testcase name="whenNoDataInDB_thenNoResult" classname="tec.bd.app.service.EstudianteServiceTest" time="0.001"/>
</testsuite>